<?xml version="1.0" encoding="UTF-8" ?>
<testsuite tests="5" failures="0" name="br.com.senac.dao.ClienteDaoImplTest" time="7.746" errors="0" skipped="0">
  <properties>
[...]
</properties>
  <testcase classname="br.com.senac.dao.ClienteDaoImplTest" name="testSearchName" time="6.136"/>
  <testcase classname="br.com.senac.dao.ClienteDaoImplTest" name="testSearchPhone" time="0.095"/>
  <testcase classname="br.com.senac.dao.ClienteDaoImplTest" name="testSave" time="0.521"/>
  <testcase classname="br.com.senac.dao.ClienteDaoImplTest" name="testDelete" time="0.538"/>
  <testcase classname="br.com.senac.dao.ClienteDaoImplTest" name="testUpdate" time="0.456"/>
</testsuite>